<?xml version="1.0" encoding="UTF-8"?>
<!-- Generated by org.testng.reporters.JUnitReportReporter -->
<testsuite skipped="0" hostname="LAPTOP-UCE0HHFC" name="com.prateek.qa.testcases.GitHub_HomePageTest" tests="1" failures="0" timestamp="2020-10-28T17:35:57 IST" time="20.501" errors="0">
  <testcase name="GitHub_TC_PrintAllRepoName" time="20.501" classname="com.prateek.qa.testcases.GitHub_HomePageTest"/>
  <system-out/>
</testsuite> <!-- com.prateek.qa.testcases.GitHub_HomePageTest -->
