<?xml version="1.0" encoding="UTF-8"?>
<!-- Generated by org.testng.reporters.JUnitReportReporter -->
<testsuite skipped="0" hostname="LAPTOP-UCE0HHFC" name="com.prateek.qa.testcases.GitHub_HomePageTest" tests="1" failures="0" timestamp="2020-10-28T23:25:49 IST" time="18.992" errors="0">
  <testcase name="GitHub_TC_PrintAllRepoName" time="18.992" classname="com.prateek.qa.testcases.GitHub_HomePageTest"/>
  <system-out/>
</testsuite> <!-- com.prateek.qa.testcases.GitHub_HomePageTest -->
