<?xml version="1.0" encoding="UTF-8"?>
<!-- Generated by org.testng.reporters.JUnitReportReporter -->
<testsuite hostname="LIN60016968" failures="0" tests="1" name="com.prateek.qa.api.GetAPITest" time="7.065" errors="0" timestamp="2020-10-27T17:18:25 IST" skipped="0">
  <testcase classname="com.prateek.qa.api.GetAPITest" name="getApi_SampleTest" time="7.065"/>
  <system-out/>
</testsuite> <!-- com.prateek.qa.api.GetAPITest -->
