<?xml version="1.0" encoding="UTF-8"?>
<!-- Generated by org.testng.reporters.JUnitReportReporter -->
<testsuite hostname="LIN60016968" failures="0" tests="1" name="com.prateek.qa.testcases.LoginPageTest" time="95.130" errors="0" timestamp="2020-09-30T19:16:15 IST" skipped="0">
  <testcase classname="com.prateek.qa.testcases.LoginPageTest" name="loginPageTitleTest" time="95.130"/>
  <system-out/>
</testsuite> <!-- com.prateek.qa.testcases.LoginPageTest -->
